<?xml version="1.0" encoding="UTF-8"?>
<?xml-stylesheet type="text/xsl" href="configuration.xsl"?>
<configuration><property>
  <name>yarn.scheduler.capacity.maximum-am-resource-percent</name>
  <value>0.8</value>
</property>
  <property>
    <name>yarn.scheduler.capacity.maximum-applications</name>
    <value>1000</value>
  </property>
  <property>
    <name>yarn.scheduler.capacity.root.queues</name>
    <value>default,dev,product</value>
  </property>
  <property>
    <name>yarn.scheduler.capacity.root.default.capacity</name>
    <value>20</value>
  </property>
  <property>
    <name>yarn.scheduler.capacity.root.dev.capacity</name>
    <value>40</value>
  </property>
  <property>
    <name>yarn.scheduler.capacity.root.product.capacity</name>
    <value>40</value>
  </property>
  <property>
    <name>yarn.scheduler.capacity.root.accessible-node-labels.cpu.capacity</name>
    <value>100</value>
  </property>
  <property>
    <name>yarn.scheduler.capacity.root.accessible-node-labels.normal.capacity</name>
    <value>100</value>
  </property>
  <property>
    <name>yarn.scheduler.capacity.root.accessible-node-labels</name>
    <value>*</value>
  </property>
  <property>
    <name>yarn.scheduler.capacity.root.dev.accessible-node-labels.normal.capacity</name>
    <value>100</value>
  </property>
  <property>
    <name>yarn.scheduler.capacity.root.dev.accessible-node-labels.cpu.capacity</name>
    <value>100</value>
  </property>
  <property>
    <name>yarn.scheduler.capacity.root.dev.accessible-node-labels</name>
    <value>normal</value>
  </property>
  <property>
    <name>yarn.scheduler.capacity.root.dev.default-node-label-expression</name>
    <value>normal</value>
  </property>
  <property>
    <name>yarn.scheduler.capacity.root.product.accessible-node-labels</name>
    <value>cpu</value>
  </property>
  <property>
    <name>yarn.scheduler.capacity.root.product.default-node-label-expression</name>
    <value>cpu</value>
  </property>
  <property>
    <name>yarn.scheduler.capacity.normal.sharable-partitions</name>
    <value>cpu</value>
  </property>
  <property>
    <name>yarn.scheduler.capacity.normal.require-other-partition-resource</name>
    <value>true</value>
  </property>
  <property>
    <name>yarn.scheduler.capacity.cpu.sharable-partitions</name>
    <value></value>
  </property>
  <property>
    <name>yarn.scheduler.capacity.cpu.require-other-partition-resource</name>
    <value>true</value>
  </property>
</configuration>